<?xml version="1.0" encoding="UTF-8"?>
<!-- Generated by org.testng.reporters.JUnitXMLReporter -->
<testsuite ignored="0" hostname="DESKTOP-TLRQ9UM" failures="0" tests="6" name="chrome" time="0.265" errors="0" timestamp="2023-03-08T22:02:13 IST">
  <testcase classname="testPackage.TestClassTNG1" name="test1" time="0.018"/>
  <testcase classname="testPackage.TestClassTNG1" name="test2" time="0.006"/>
  <testcase classname="testPackage.TestClassTNG1" name="test3" time="0.01"/>
  <testcase classname="testPackage.TestClassTNG2" name="test1" time="0.002"/>
  <testcase classname="testPackage.TestClassTNG2" name="test2" time="0.008"/>
  <testcase classname="testPackage.TestClassTNG2" name="test3" time="0.009"/>
</testsuite> <!-- chrome -->
