<?xml version="1.0" encoding="UTF-8"?>
<!-- Generated by org.testng.reporters.JUnitXMLReporter -->
<testsuite ignored="2" hostname="DESKTOP-TLRQ9UM" failures="1" tests="2" name="Test" time="24.691" errors="0" timestamp="2023-03-17T21:07:17 IST">
  <testcase classname="testPackage.LoginTestClass" name="VerifyLoginFunctionalityWithCorrectData" time="6.504"/>
  <testcase classname="testPackage.LoginTestClass" name="VerifyLoginFunctionalityWithInCorrectData" time="0.004">
    <failure type="java.lang.AssertionError" message="null">
      <![CDATA[java.lang.AssertionError: null
at testPackage.LoginTestClass.VerifyLoginFunctionalityWithInCorrectData(LoginTestClass.java:80)
at java.base/java.util.ArrayList.forEach(ArrayList.java:1511)
... Removed 27 stack frames]]>
    </failure>
  </testcase> <!-- VerifyLoginFunctionalityWithInCorrectData -->
  <testcase classname="testPackage.BaseClass" name="@AfterTest aftertest" time="0.0">
    <ignored/>
  </testcase> <!-- @AfterTest aftertest -->
  <testcase classname="testPackage.BaseClass" name="@BeforeTest beforeTest" time="0.0">
    <ignored/>
  </testcase> <!-- @BeforeTest beforeTest -->
</testsuite> <!-- Test -->
