<?xml version="1.0" encoding="UTF-8"?>
<!-- Generated by org.testng.reporters.JUnitXMLReporter -->
<testsuite ignored="1" hostname="DESKTOP-TLRQ9UM" failures="1" tests="1" name="Test(failed)" time="11.737" errors="0" timestamp="2023-03-13T22:32:05 IST">
  <testcase classname="testPackage.LoginTestClass" name="VerifyLoginFunctionalityWithCorrectData" time="1.776">
    <failure type="java.lang.IllegalArgumentException" message="Input must be set">
      <![CDATA[java.lang.IllegalArgumentException: Input must be set
at org.openqa.selenium.internal.Require.nonNull(Require.java:59)
at org.openqa.selenium.support.ui.FluentWait.<init>(FluentWait.java:97)
at org.openqa.selenium.support.ui.WebDriverWait.<init>(WebDriverWait.java:77)
at org.openqa.selenium.support.ui.WebDriverWait.<init>(WebDriverWait.java:46)
at pomUtility.ElementWait.waitForElement(ElementWait.java:14)
at pompackage1.LogInPage.sendUsername(LogInPage.java:43)
at testPackage.LoginTestClass.VerifyLoginFunctionalityWithCorrectData(LoginTestClass.java:38)
at java.base/java.util.ArrayList.forEach(ArrayList.java:1511)
... Removed 25 stack frames]]>
    </failure>
  </testcase> <!-- VerifyLoginFunctionalityWithCorrectData -->
  <testcase classname="testPackage.LoginTestClass" name="VerifyLoginFunctionalityWithInCorrectData" time="0.0">
    <ignored/>
  </testcase> <!-- VerifyLoginFunctionalityWithInCorrectData -->
</testsuite> <!-- Test(failed) -->
